<?xml version="1.0" encoding="UTF-8"?>
<coverage generated="1655669183234" clover="3.2.0">
  <project timestamp="1655669183234" name="All files">
    <metrics statements="26" coveredstatements="21" conditionals="0" coveredconditionals="0" methods="5" coveredmethods="5" elements="31" coveredelements="26" complexity="0" loc="26" ncloc="26" packages="1" files="1" classes="1"/>
    <file name="api-calls.js" path="C:\Users\Bruno\Desktop\Faculdade\OneDrive - Instituto Politécnico do Porto\2-Ano\2º-Semestre\Projeto\test in\API-Calls\api-calls.js">
      <metrics statements="26" coveredstatements="21" conditionals="0" coveredconditionals="0" methods="5" coveredmethods="5"/>
      <line num="1" count="1" type="stmt"/>
      <line num="3" count="1" type="stmt"/>
      <line num="4" count="1" type="stmt"/>
      <line num="5" count="1" type="stmt"/>
      <line num="9" count="1" type="stmt"/>
      <line num="11" count="0" type="stmt"/>
      <line num="15" count="1" type="stmt"/>
      <line num="16" count="1" type="stmt"/>
      <line num="17" count="1" type="stmt"/>
      <line num="30" count="1" type="stmt"/>
      <line num="32" count="0" type="stmt"/>
      <line num="36" count="1" type="stmt"/>
      <line num="37" count="1" type="stmt"/>
      <line num="38" count="1" type="stmt"/>
      <line num="39" count="1" type="stmt"/>
      <line num="41" count="0" type="stmt"/>
      <line num="45" count="1" type="stmt"/>
      <line num="46" count="1" type="stmt"/>
      <line num="47" count="1" type="stmt"/>
      <line num="48" count="1" type="stmt"/>
      <line num="50" count="0" type="stmt"/>
      <line num="54" count="1" type="stmt"/>
      <line num="55" count="1" type="stmt"/>
      <line num="56" count="1" type="stmt"/>
      <line num="57" count="1" type="stmt"/>
      <line num="59" count="0" type="stmt"/>
    </file>
  </project>
</coverage>
