{"C:\\Users\\Bruno\\Desktop\\Faculdade\\OneDrive - Instituto Politécnico do Porto\\2-Ano\\2º-Semestre\\Projeto\\test in\\API-Calls\\api-calls.js": {"path":"C:\\Users\\Bruno\\Desktop\\Faculdade\\OneDrive - Instituto Politécnico do Porto\\2-Ano\\2º-Semestre\\Projeto\\test in\\API-Calls\\api-calls.js","statementMap":{"0":{"start":{"line":1,"column":14},"end":{"line":1,"column":30}},"1":{"start":{"line":3,"column":0},"end":{"line":13,"column":1}},"2":{"start":{"line":4,"column":4},"end":{"line":12,"column":5}},"3":{"start":{"line":5,"column":25},"end":{"line":8,"column":10}},"4":{"start":{"line":9,"column":8},"end":{"line":9,"column":23}},"5":{"start":{"line":11,"column":8},"end":{"line":11,"column":29}},"6":{"start":{"line":15,"column":0},"end":{"line":34,"column":1}},"7":{"start":{"line":16,"column":4},"end":{"line":33,"column":5}},"8":{"start":{"line":17,"column":25},"end":{"line":29,"column":10}},"9":{"start":{"line":30,"column":8},"end":{"line":30,"column":23}},"10":{"start":{"line":32,"column":8},"end":{"line":32,"column":29}},"11":{"start":{"line":36,"column":0},"end":{"line":43,"column":1}},"12":{"start":{"line":37,"column":4},"end":{"line":42,"column":5}},"13":{"start":{"line":38,"column":25},"end":{"line":38,"column":71}},"14":{"start":{"line":39,"column":8},"end":{"line":39,"column":23}},"15":{"start":{"line":41,"column":8},"end":{"line":41,"column":29}},"16":{"start":{"line":45,"column":0},"end":{"line":52,"column":1}},"17":{"start":{"line":46,"column":4},"end":{"line":51,"column":5}},"18":{"start":{"line":47,"column":25},"end":{"line":47,"column":76}},"19":{"start":{"line":48,"column":8},"end":{"line":48,"column":23}},"20":{"start":{"line":50,"column":8},"end":{"line":50,"column":29}},"21":{"start":{"line":54,"column":0},"end":{"line":61,"column":1}},"22":{"start":{"line":55,"column":4},"end":{"line":60,"column":5}},"23":{"start":{"line":56,"column":25},"end":{"line":56,"column":71}},"24":{"start":{"line":57,"column":8},"end":{"line":57,"column":23}},"25":{"start":{"line":59,"column":8},"end":{"line":59,"column":29}}},"fnMap":{"0":{"name":"(anonymous_0)","decl":{"start":{"line":3,"column":20},"end":{"line":3,"column":21}},"loc":{"start":{"line":3,"column":41},"end":{"line":13,"column":1}},"line":3},"1":{"name":"(anonymous_1)","decl":{"start":{"line":15,"column":21},"end":{"line":15,"column":22}},"loc":{"start":{"line":15,"column":42},"end":{"line":34,"column":1}},"line":15},"2":{"name":"(anonymous_2)","decl":{"start":{"line":36,"column":22},"end":{"line":36,"column":23}},"loc":{"start":{"line":36,"column":39},"end":{"line":43,"column":1}},"line":36},"3":{"name":"(anonymous_3)","decl":{"start":{"line":45,"column":24},"end":{"line":45,"column":25}},"loc":{"start":{"line":45,"column":41},"end":{"line":52,"column":1}},"line":45},"4":{"name":"(anonymous_4)","decl":{"start":{"line":54,"column":22},"end":{"line":54,"column":23}},"loc":{"start":{"line":54,"column":39},"end":{"line":61,"column":1}},"line":54}},"branchMap":{},"s":{"0":1,"1":1,"2":1,"3":1,"4":1,"5":0,"6":1,"7":1,"8":1,"9":1,"10":0,"11":1,"12":1,"13":1,"14":1,"15":0,"16":1,"17":1,"18":1,"19":1,"20":0,"21":1,"22":1,"23":1,"24":1,"25":0},"f":{"0":1,"1":1,"2":1,"3":1,"4":1},"b":{},"_coverageSchema":"1a1c01bbd47fc00a2c39e90264f33305004495a9","hash":"3d84782e6d064a3b9c71a3a022c1c6122bfaa640"}
}
